#
# A fatal error has been detected by the Java Runtime Environment:
#
#  Internal Error (javaClasses.cpp:129), pid=1480, tid=1232
#  fatal error: Invalid layout of preloaded class
#
# JRE version: 7.0_17-b02
# Java VM: Java HotSpot(TM) 64-Bit Server VM (23.7-b01 mixed mode windows-amd64 compressed oops)
# Failed to write core dump. Minidumps are not enabled by default on client versions of Windows
#
# If you would like to submit a bug report, please visit:
#   http://bugreport.sun.com/bugreport/crash.jsp
#

---------------  T H R E A D  ---------------

Current thread (0x00000000023cd800):  JavaThread "Unknown thread" [_thread_in_vm, id=1232, stack(0x0000000002700000,0x0000000002800000)]

Stack: [0x0000000002700000,0x0000000002800000]

---------------  P R O C E S S  ---------------

Java Threads: ( => current thread )

Other Threads:

=>0x00000000023cd800 (exited) JavaThread "Unknown thread" [_thread_in_vm, id=1232, stack(0x0000000002700000,0x0000000002800000)]

VM state:not at safepoint (not fully initialized)

VM Mutex/Monitor currently owned by a thread: None

GC Heap History (0 events):
No events

Deoptimization events (0 events):
No events

Internal exceptions (0 events):
No events

Events (10 events):
Event: 0.087 loading class 0x00000000024549e0 done
Event: 0.087 loading class 0x0000000002413260 done
Event: 0.087 loading class 0x0000000002413230
Event: 0.087 loading class 0x00000000024a2930
Event: 0.087 loading class 0x00000000024a2930 done
Event: 0.087 loading class 0x00000000024a2970
Event: 0.087 loading class 0x00000000024a2970 done
Event: 0.087 loading class 0x0000000008cd1120
Event: 0.087 loading class 0x0000000008cd1120 done
Event: 0.087 loading class 0x0000000002413230 done


Dynamic libraries:
0x000000013f5d0000 - 0x000000013f603000 	C:\Program Files\Java\jre7\bin\javaw.exe
0x0000000077560000 - 0x0000000077709000 	C:\Windows\SYSTEM32\ntdll.dll
0x0000000071bb0000 - 0x0000000071bfd000 	C:\Program Files\AVAST Software\Avast\snxhk64.dll
0x0000000077440000 - 0x000000007755f000 	C:\Windows\system32\KERNEL32.dll
0x000007fefd570000 - 0x000007fefd5db000 	C:\Windows\system32\KERNELBASE.dll
0x000007fefdbe0000 - 0x000007fefdcbb000 	C:\Windows\system32\ADVAPI32.dll
0x000007fefef60000 - 0x000007fefefff000 	C:\Windows\system32\msvcrt.dll
0x000007feff010000 - 0x000007feff02f000 	C:\Windows\SYSTEM32\sechost.dll
0x000007fefed00000 - 0x000007fefee2d000 	C:\Windows\system32\RPCRT4.dll
0x0000000077340000 - 0x000000007743a000 	C:\Windows\system32\USER32.dll
0x000007fefee30000 - 0x000007fefee97000 	C:\Windows\system32\GDI32.dll
0x000007feff000000 - 0x000007feff00e000 	C:\Windows\system32\LPK.dll
0x000007feff6c0000 - 0x000007feff789000 	C:\Windows\system32\USP10.dll
0x000007fefbcf0000 - 0x000007fefbee4000 	C:\Windows\WinSxS\amd64_microsoft.windows.common-controls_6595b64144ccf1df_6.0.7601.17514_none_fa396087175ac9ac\COMCTL32.dll
0x000007fefd8d0000 - 0x000007fefd941000 	C:\Windows\system32\SHLWAPI.dll
0x000007feff030000 - 0x000007feff05e000 	C:\Windows\system32\IMM32.DLL
0x000007feff140000 - 0x000007feff249000 	C:\Windows\system32\MSCTF.dll
0x00000000703e0000 - 0x00000000704b1000 	C:\Program Files\Java\jre7\bin\msvcr100.dll
0x000000005efb0000 - 0x000000005f6cf000 	C:\Program Files\Java\jre7\bin\server\jvm.dll
0x000007fef26b0000 - 0x000007fef26b9000 	C:\Windows\system32\WSOCK32.dll
0x000007feff0f0000 - 0x000007feff13d000 	C:\Windows\system32\WS2_32.dll
0x000007feff0e0000 - 0x000007feff0e8000 	C:\Windows\system32\NSI.dll
0x000007fef8480000 - 0x000007fef84bb000 	C:\Windows\system32\WINMM.dll
0x0000000077730000 - 0x0000000077737000 	C:\Windows\system32\PSAPI.DLL
0x0000000071c30000 - 0x0000000071c3f000 	C:\Program Files\Java\jre7\bin\verify.dll
0x0000000071c00000 - 0x0000000071c28000 	C:\Program Files\Java\jre7\bin\java.dll
0x0000000070560000 - 0x0000000070583000 	C:\Program Files\Java\jre7\bin\instrument.dll
0x0000000071b70000 - 0x0000000071b85000 	C:\Program Files\Java\jre7\bin\zip.dll

VM Arguments:
jvm_args: -javaagent:C:\Program Files (x86)\adt-bundle-windows-x86_64-20130729\eclipse\configuration\org.eclipse.osgi\bundles\363\1\.cp\jacocoagent.jar=includes=*,excludes=,exclclassloader=sun.reflect.DelegatingClassLoader,output=tcpclient,port=50026 -Dfile.encoding=Cp1252 -Xbootclasspath:C:\Program Files (x86)\adt-bundle-windows-x86_64-20130729\sdk\platforms\android-16\android.jar 
java_command: org.eclipse.jdt.internal.junit.runner.RemoteTestRunner -version 3 -port 50027 -testLoaderClass org.eclipse.jdt.internal.junit4.runner.JUnit4TestLoader -loaderpluginname org.eclipse.jdt.junit4.runtime -classNames com.mdsgpp.eef.testes.DadosParseTeste
Launcher Type: SUN_STANDARD

Environment Variables:
JAVA_HOME=C:\Program Files\Java\jdk1.7.0_17
JRE_HOME=C:\Program Files\Java\jdk1.7.0_17\jre
PATH=C:\Windows\system32;C:\Windows;C:\Windows\System32\Wbem;C:\Windows\System32\WindowsPowerShell\v1.0\;C:\Program Files\Java\jre7\bin;C:\Program Files\Java\jdk1.7.0_17\bin;C:\Program Files\MATLAB\R2010b\runtime\win64;C:\Program Files\MATLAB\R2010b\bin;C:\Program Files (x86)\adt-bundle-windows-x86_64-20130729\sdk\platform-tools;C:\Program Files (x86)\adt-bundle-windows-x86_64-20130729\sdk\tools;C:\Program Files (x86)\adt-bundle-windows-x86_64-20130729\eclipse\plugins\org.apache.ant_1.8.3.v201301120609\bin;C:\Program Files (x86)\Intel\OpenCL SDK\2.0\bin\x86;C:\Program Files (x86)\Intel\OpenCL SDK\2.0\bin\x64;C:\Program Files\TortoiseSVN\bin;C:\Users\Marcos\workspace\apache-tomcat-7.0.41\bin
USERNAME=Marcos
OS=Windows_NT
PROCESSOR_IDENTIFIER=Intel64 Family 6 Model 42 Stepping 7, GenuineIntel



---------------  S Y S T E M  ---------------

OS: Windows 7 , 64 bit Build 7601 Service Pack 1

CPU:total 4 (2 cores per cpu, 2 threads per core) family 6 model 42 stepping 7, cmov, cx8, fxsr, mmx, sse, sse2, sse3, ssse3, sse4.1, sse4.2, popcnt, avx, ht, tsc, tscinvbit

Memory: 4k page, physical 4106232k(1665080k free), swap 8210604k(5460156k free)

vm_info: Java HotSpot(TM) 64-Bit Server VM (23.7-b01) for windows-amd64 JRE (1.7.0_17-b02), built on Mar  1 2013 03:38:30 by "java_re" with unknown MS VC++:1600

time: Tue Nov 05 23:28:58 2013
elapsed time: 0 seconds

