#
# A fatal error has been detected by the Java Runtime Environment:
#
#  Internal Error (javaClasses.cpp:136), pid=5524, tid=2340
#  fatal error: Invalid layout of preloaded class
#
# JRE version:  (7.0_40-b43) (build )
# Java VM: Java HotSpot(TM) Client VM (24.0-b56 mixed mode windows-x86 )
# Failed to write core dump. Minidumps are not enabled by default on client versions of Windows
#
# If you would like to submit a bug report, please visit:
#   http://bugreport.sun.com/bugreport/crash.jsp
#

---------------  T H R E A D  ---------------

Current thread (0x00b0bc00):  JavaThread "Unknown thread" [_thread_in_vm, id=2340, stack(0x00c30000,0x00c80000)]

Stack: [0x00c30000,0x00c80000],  sp=0x00c7f650,  free space=317k
Native frames: (J=compiled Java code, j=interpreted, Vv=VM code, C=native code)
V  [jvm.dll+0x18db91]
V  [jvm.dll+0x187936]
V  [jvm.dll+0x3582a]
V  [jvm.dll+0x358b6]
V  [jvm.dll+0x43fdd]
V  [jvm.dll+0x4428e]
V  [jvm.dll+0x923fa]
V  [jvm.dll+0x927ab]
V  [jvm.dll+0x13d761]
V  [jvm.dll+0x16023c]
V  [jvm.dll+0xc8c5f]
C  [javaw.exe+0x13ce]
C  [javaw.exe+0x1e40]
C  [javaw.exe+0xa5b1]
C  [javaw.exe+0xa63b]
C  [KERNEL32.dll+0x51174]
C  [ntdll.dll+0x5b3f5]
C  [ntdll.dll+0x5b3c8]


---------------  P R O C E S S  ---------------

Java Threads: ( => current thread )

Other Threads:

=>0x00b0bc00 (exited) JavaThread "Unknown thread" [_thread_in_vm, id=2340, stack(0x00c30000,0x00c80000)]

VM state:not at safepoint (not fully initialized)

VM Mutex/Monitor currently owned by a thread: None

GC Heap History (0 events):
No events

Deoptimization events (0 events):
No events

Internal exceptions (0 events):
No events

Events (10 events):
Event: 0.024 loading class 0x00b3bf80 done
Event: 0.024 loading class 0x00b3ba10 done
Event: 0.024 loading class 0x00b3b9f0
Event: 0.025 loading class 0x00b42d18
Event: 0.025 loading class 0x00b42d18 done
Event: 0.025 loading class 0x00b42d48
Event: 0.025 loading class 0x00b42d48 done
Event: 0.025 loading class 0x00b42d78
Event: 0.025 loading class 0x00b42d78 done
Event: 0.025 loading class 0x00b3b9f0 done


Dynamic libraries:
0x00f80000 - 0x00faf000 	C:\Program Files\Java\jre7\bin\javaw.exe
0x77370000 - 0x774ac000 	C:\Windows\SYSTEM32\ntdll.dll
0x6e950000 - 0x6e98f000 	C:\Program Files\AVAST Software\Avast\snxhk.dll
0x77080000 - 0x77154000 	C:\Windows\system32\KERNEL32.dll
0x75720000 - 0x7576a000 	C:\Windows\system32\KERNELBASE.dll
0x76310000 - 0x763b0000 	C:\Windows\system32\ADVAPI32.dll
0x76080000 - 0x7612c000 	C:\Windows\system32\msvcrt.dll
0x75da0000 - 0x75db9000 	C:\Windows\SYSTEM32\sechost.dll
0x75fd0000 - 0x76071000 	C:\Windows\system32\RPCRT4.dll
0x774d0000 - 0x77599000 	C:\Windows\system32\USER32.dll
0x75b60000 - 0x75bae000 	C:\Windows\system32\GDI32.dll
0x774b0000 - 0x774ba000 	C:\Windows\system32\LPK.dll
0x76130000 - 0x761cd000 	C:\Windows\system32\USP10.dll
0x74450000 - 0x745ee000 	C:\Windows\WinSxS\x86_microsoft.windows.common-controls_6595b64144ccf1df_6.0.7600.16385_none_421189da2b7fabfc\COMCTL32.dll
0x75f70000 - 0x75fc7000 	C:\Windows\system32\SHLWAPI.dll
0x76410000 - 0x7642f000 	C:\Windows\system32\IMM32.DLL
0x75a90000 - 0x75b5c000 	C:\Windows\system32\MSCTF.dll
0x66be0000 - 0x66c9e000 	C:\Program Files\Java\jre7\bin\msvcr100.dll
0x606a0000 - 0x60a20000 	C:\Program Files\Java\jre7\bin\client\jvm.dll
0x71720000 - 0x71727000 	C:\Windows\system32\WSOCK32.dll
0x75850000 - 0x75885000 	C:\Windows\system32\WS2_32.dll
0x77160000 - 0x77166000 	C:\Windows\system32\NSI.dll
0x6f580000 - 0x6f5b2000 	C:\Windows\system32\WINMM.dll
0x75dc0000 - 0x75dc5000 	C:\Windows\system32\PSAPI.DLL
0x72880000 - 0x7288c000 	C:\Program Files\Java\jre7\bin\verify.dll
0x6dd10000 - 0x6dd30000 	C:\Program Files\Java\jre7\bin\java.dll
0x6bfc0000 - 0x6bfd3000 	C:\Program Files\Java\jre7\bin\zip.dll
0x70ca0000 - 0x70d8b000 	C:\Windows\system32\dbghelp.dll

VM Arguments:
jvm_args: -Dfile.encoding=Cp1252 -Xbootclasspath:D:\adt-bundle-windows-x86-20130729\sdk\platforms\android-16\android.jar 
java_command: org.eclipse.jdt.internal.junit.runner.RemoteTestRunner -version 3 -port 49676 -testLoaderClass org.eclipse.jdt.internal.junit4.runner.JUnit4TestLoader -loaderpluginname org.eclipse.jdt.junit4.runtime -classNames com.mdsgpp.eef.testes.FeedTeste
Launcher Type: SUN_STANDARD

Environment Variables:
PATH=C:/Program Files/Java/jre7/bin/client;C:/Program Files/Java/jre7/bin;C:/Program Files/Java/jre7/lib/i386;C:\Windows\system32;C:\Windows;C:\Windows\System32\Wbem;C:\Windows\System32\WindowsPowerShell\v1.0\;C:\Program Files\WIDCOMM\Bluetooth Software\;D:\MinGW\bin;C:\Program Files\Broadcom\Broadcom 802.11\Driver;D:\adt-bundle-windows-x86-20130729\eclipse;
USERNAME=Vanusa
OS=Windows_NT
PROCESSOR_IDENTIFIER=x86 Family 6 Model 23 Stepping 10, GenuineIntel



---------------  S Y S T E M  ---------------

OS: Windows 7 Build 7600 

CPU:total 2 (2 cores per cpu, 1 threads per core) family 6 model 23 stepping 10, cmov, cx8, fxsr, mmx, sse, sse2, sse3, ssse3, tsc

Memory: 4k page, physical 3074984k(1247920k free), swap 6148204k(3531988k free)

vm_info: Java HotSpot(TM) Client VM (24.0-b56) for windows-x86 JRE (1.7.0_40-b43), built on Aug 26 2013 22:34:40 by "java_re" with unknown MS VC++:1600

time: Tue Nov 12 11:04:11 2013
elapsed time: 0 seconds

