#
# A fatal error has been detected by the Java Runtime Environment:
#
#  Internal Error (javaClasses.cpp:136), pid=4172, tid=2668
#  fatal error: Invalid layout of preloaded class
#
# JRE version:  (7.0_40-b43) (build )
# Java VM: Java HotSpot(TM) Client VM (24.0-b56 mixed mode windows-x86 )
# Failed to write core dump. Minidumps are not enabled by default on client versions of Windows
#
# If you would like to submit a bug report, please visit:
#   http://bugreport.sun.com/bugreport/crash.jsp
#

---------------  T H R E A D  ---------------

Current thread (0x00b8bc00):  JavaThread "Unknown thread" [_thread_in_vm, id=2668, stack(0x00cb0000,0x00d00000)]

Stack: [0x00cb0000,0x00d00000],  sp=0x00cff370,  free space=316k
Native frames: (J=compiled Java code, j=interpreted, Vv=VM code, C=native code)
V  [jvm.dll+0x18db91]
V  [jvm.dll+0x187936]
V  [jvm.dll+0x3582a]
V  [jvm.dll+0x358b6]
V  [jvm.dll+0x43fdd]
V  [jvm.dll+0x4428e]
V  [jvm.dll+0x923fa]
V  [jvm.dll+0x927ab]
V  [jvm.dll+0x13d761]
V  [jvm.dll+0x16023c]
V  [jvm.dll+0xc8c5f]
C  [javaw.exe+0x13ce]
C  [javaw.exe+0x1e40]
C  [javaw.exe+0xa5b1]
C  [javaw.exe+0xa63b]
C  [KERNEL32.dll+0x51174]
C  [ntdll.dll+0x5b3f5]
C  [ntdll.dll+0x5b3c8]


---------------  P R O C E S S  ---------------

Java Threads: ( => current thread )

Other Threads:

=>0x00b8bc00 (exited) JavaThread "Unknown thread" [_thread_in_vm, id=2668, stack(0x00cb0000,0x00d00000)]

VM state:not at safepoint (not fully initialized)

VM Mutex/Monitor currently owned by a thread: None

GC Heap History (0 events):
No events

Deoptimization events (0 events):
No events

Internal exceptions (0 events):
No events

Events (10 events):
Event: 0.019 loading class 0x00bbbf80 done
Event: 0.020 loading class 0x00bbba10 done
Event: 0.020 loading class 0x00bbb9f0
Event: 0.020 loading class 0x00bc2d18
Event: 0.020 loading class 0x00bc2d18 done
Event: 0.020 loading class 0x00bc2d48
Event: 0.020 loading class 0x00bc2d48 done
Event: 0.020 loading class 0x00bc2d78
Event: 0.020 loading class 0x00bc2d78 done
Event: 0.020 loading class 0x00bbb9f0 done


Dynamic libraries:
0x00e70000 - 0x00e9f000 	C:\Program Files\Java\jre7\bin\javaw.exe
0x774d0000 - 0x7760c000 	C:\Windows\SYSTEM32\ntdll.dll
0x6db00000 - 0x6db3f000 	C:\Program Files\AVAST Software\Avast\snxhk.dll
0x759b0000 - 0x75a84000 	C:\Windows\system32\KERNEL32.dll
0x75870000 - 0x758ba000 	C:\Windows\system32\KERNELBASE.dll
0x75d30000 - 0x75dd0000 	C:\Windows\system32\ADVAPI32.dll
0x761b0000 - 0x7625c000 	C:\Windows\system32\msvcrt.dll
0x75cb0000 - 0x75cc9000 	C:\Windows\SYSTEM32\sechost.dll
0x76100000 - 0x761a1000 	C:\Windows\system32\RPCRT4.dll
0x762b0000 - 0x76379000 	C:\Windows\system32\USER32.dll
0x76260000 - 0x762ae000 	C:\Windows\system32\GDI32.dll
0x77650000 - 0x7765a000 	C:\Windows\system32\LPK.dll
0x77430000 - 0x774cd000 	C:\Windows\system32\USP10.dll
0x74580000 - 0x7471e000 	C:\Windows\WinSxS\x86_microsoft.windows.common-controls_6595b64144ccf1df_6.0.7600.16385_none_421189da2b7fabfc\COMCTL32.dll
0x75a90000 - 0x75ae7000 	C:\Windows\system32\SHLWAPI.dll
0x77610000 - 0x7762f000 	C:\Windows\system32\IMM32.DLL
0x75e00000 - 0x75ecc000 	C:\Windows\system32\MSCTF.dll
0x70100000 - 0x701be000 	C:\Program Files\Java\jre7\bin\msvcr100.dll
0x633e0000 - 0x63760000 	C:\Program Files\Java\jre7\bin\client\jvm.dll
0x71a20000 - 0x71a27000 	C:\Windows\system32\WSOCK32.dll
0x76070000 - 0x760a5000 	C:\Windows\system32\WS2_32.dll
0x77660000 - 0x77666000 	C:\Windows\system32\NSI.dll
0x6ef10000 - 0x6ef42000 	C:\Windows\system32\WINMM.dll
0x77640000 - 0x77645000 	C:\Windows\system32\PSAPI.DLL
0x72950000 - 0x7295c000 	C:\Program Files\Java\jre7\bin\verify.dll
0x70260000 - 0x70280000 	C:\Program Files\Java\jre7\bin\java.dll
0x70240000 - 0x70253000 	C:\Program Files\Java\jre7\bin\zip.dll
0x71230000 - 0x7131b000 	C:\Windows\system32\dbghelp.dll

VM Arguments:
jvm_args: -Dfile.encoding=Cp1252 -Xbootclasspath:D:\adt-bundle-windows-x86-20130729\sdk\platforms\android-16\android.jar 
java_command: org.eclipse.jdt.internal.junit.runner.RemoteTestRunner -version 3 -port 49700 -testLoaderClass org.eclipse.jdt.internal.junit4.runner.JUnit4TestLoader -loaderpluginname org.eclipse.jdt.junit4.runtime -classNames com.mdsgpp.eef.testes.EstadoTeste
Launcher Type: SUN_STANDARD

Environment Variables:
PATH=C:/Program Files/Java/jre7/bin/client;C:/Program Files/Java/jre7/bin;C:/Program Files/Java/jre7/lib/i386;C:\Windows\system32;C:\Windows;C:\Windows\System32\Wbem;C:\Windows\System32\WindowsPowerShell\v1.0\;C:\Program Files\WIDCOMM\Bluetooth Software\;D:\MinGW\bin;C:\Program Files\Broadcom\Broadcom 802.11\Driver;D:\adt-bundle-windows-x86-20130729\eclipse;
USERNAME=Vanusa
OS=Windows_NT
PROCESSOR_IDENTIFIER=x86 Family 6 Model 23 Stepping 10, GenuineIntel



---------------  S Y S T E M  ---------------

OS: Windows 7 Build 7600 

CPU:total 2 (2 cores per cpu, 1 threads per core) family 6 model 23 stepping 10, cmov, cx8, fxsr, mmx, sse, sse2, sse3, ssse3, tsc

Memory: 4k page, physical 3074984k(1365256k free), swap 6148204k(4128732k free)

vm_info: Java HotSpot(TM) Client VM (24.0-b56) for windows-x86 JRE (1.7.0_40-b43), built on Aug 26 2013 22:34:40 by "java_re" with unknown MS VC++:1600

time: Sun Nov 03 10:06:46 2013
elapsed time: 0 seconds

