#
# A fatal error has been detected by the Java Runtime Environment:
#
#  Internal Error (javaClasses.cpp:136), pid=4564, tid=4092
#  fatal error: Invalid layout of preloaded class
#
# JRE version:  (7.0_40-b43) (build )
# Java VM: Java HotSpot(TM) Client VM (24.0-b56 mixed mode windows-x86 )
# Failed to write core dump. Minidumps are not enabled by default on client versions of Windows
#
# If you would like to submit a bug report, please visit:
#   http://bugreport.sun.com/bugreport/crash.jsp
#

---------------  T H R E A D  ---------------

Current thread (0x0191bc00):  JavaThread "Unknown thread" [_thread_in_vm, id=4092, stack(0x003f0000,0x00440000)]

Stack: [0x003f0000,0x00440000],  sp=0x0043fac4,  free space=318k
Native frames: (J=compiled Java code, j=interpreted, Vv=VM code, C=native code)
V  [jvm.dll+0x18db91]
V  [jvm.dll+0x187936]
V  [jvm.dll+0x3582a]
V  [jvm.dll+0x358b6]
V  [jvm.dll+0x43fdd]
V  [jvm.dll+0x4428e]
V  [jvm.dll+0x923fa]
V  [jvm.dll+0x927ab]
V  [jvm.dll+0x13d761]
V  [jvm.dll+0x16023c]
V  [jvm.dll+0xc8c5f]
C  [javaw.exe+0x13ce]
C  [javaw.exe+0x1e40]
C  [javaw.exe+0xa5b1]
C  [javaw.exe+0xa63b]
C  [KERNEL32.dll+0x51174]
C  [ntdll.dll+0x5b3f5]
C  [ntdll.dll+0x5b3c8]


---------------  P R O C E S S  ---------------

Java Threads: ( => current thread )

Other Threads:

=>0x0191bc00 (exited) JavaThread "Unknown thread" [_thread_in_vm, id=4092, stack(0x003f0000,0x00440000)]

VM state:not at safepoint (not fully initialized)

VM Mutex/Monitor currently owned by a thread: None

GC Heap History (0 events):
No events

Deoptimization events (0 events):
No events

Internal exceptions (0 events):
No events

Events (10 events):
Event: 0.155 loading class 0x017abf80 done
Event: 0.155 loading class 0x017aba10 done
Event: 0.155 loading class 0x017ab9f0
Event: 0.156 loading class 0x017b2d18
Event: 0.156 loading class 0x017b2d18 done
Event: 0.156 loading class 0x017b2d48
Event: 0.191 loading class 0x017b2d48 done
Event: 0.191 loading class 0x017b2d78
Event: 0.191 loading class 0x017b2d78 done
Event: 0.192 loading class 0x017ab9f0 done


Dynamic libraries:
0x00120000 - 0x0014f000 	C:\Program Files\Java\jre7\bin\javaw.exe
0x776a0000 - 0x777dc000 	C:\Windows\SYSTEM32\ntdll.dll
0x6df60000 - 0x6df9f000 	C:\Program Files\AVAST Software\Avast\snxhk.dll
0x75c70000 - 0x75d44000 	C:\Windows\system32\KERNEL32.dll
0x75aa0000 - 0x75aea000 	C:\Windows\system32\KERNELBASE.dll
0x760d0000 - 0x76170000 	C:\Windows\system32\ADVAPI32.dll
0x773f0000 - 0x7749c000 	C:\Windows\system32\msvcrt.dll
0x763e0000 - 0x763f9000 	C:\Windows\SYSTEM32\sechost.dll
0x75f50000 - 0x75ff1000 	C:\Windows\system32\RPCRT4.dll
0x76000000 - 0x760c9000 	C:\Windows\system32\USER32.dll
0x77880000 - 0x778ce000 	C:\Windows\system32\GDI32.dll
0x763b0000 - 0x763ba000 	C:\Windows\system32\LPK.dll
0x76700000 - 0x7679d000 	C:\Windows\system32\USP10.dll
0x74780000 - 0x7491e000 	C:\Windows\WinSxS\x86_microsoft.windows.common-controls_6595b64144ccf1df_6.0.7600.16385_none_421189da2b7fabfc\COMCTL32.dll
0x76400000 - 0x76457000 	C:\Windows\system32\SHLWAPI.dll
0x763c0000 - 0x763df000 	C:\Windows\system32\IMM32.DLL
0x76460000 - 0x7652c000 	C:\Windows\system32\MSCTF.dll
0x671e0000 - 0x6729e000 	C:\Program Files\Java\jre7\bin\msvcr100.dll
0x5d6d0000 - 0x5da50000 	C:\Program Files\Java\jre7\bin\client\jvm.dll
0x71bf0000 - 0x71bf7000 	C:\Windows\system32\WSOCK32.dll
0x77810000 - 0x77845000 	C:\Windows\system32\WS2_32.dll
0x777f0000 - 0x777f6000 	C:\Windows\system32\NSI.dll
0x6fcc0000 - 0x6fcf2000 	C:\Windows\system32\WINMM.dll
0x77800000 - 0x77805000 	C:\Windows\system32\PSAPI.DLL
0x72df0000 - 0x72dfc000 	C:\Program Files\Java\jre7\bin\verify.dll
0x6ba80000 - 0x6baa0000 	C:\Program Files\Java\jre7\bin\java.dll
0x6bda0000 - 0x6bdb3000 	C:\Program Files\Java\jre7\bin\zip.dll
0x712d0000 - 0x713bb000 	C:\Windows\system32\dbghelp.dll

VM Arguments:
jvm_args: -Dfile.encoding=Cp1252 -Xbootclasspath:D:\adt-bundle-windows-x86-20130729\sdk\platforms\android-16\android.jar 
java_command: org.eclipse.jdt.internal.junit.runner.RemoteTestRunner -version 3 -port 52480 -testLoaderClass org.eclipse.jdt.internal.junit4.runner.JUnit4TestLoader -loaderpluginname org.eclipse.jdt.junit4.runtime -classNames com.mdsgpp.eef.testes.EstadoTeste
Launcher Type: SUN_STANDARD

Environment Variables:
PATH=C:/Program Files/Java/jre7/bin/client;C:/Program Files/Java/jre7/bin;C:/Program Files/Java/jre7/lib/i386;C:\Windows\system32;C:\Windows;C:\Windows\System32\Wbem;C:\Windows\System32\WindowsPowerShell\v1.0\;C:\Program Files\WIDCOMM\Bluetooth Software\;D:\MinGW\bin;C:\Program Files\Broadcom\Broadcom 802.11\Driver;D:\adt-bundle-windows-x86-20130729\eclipse;
USERNAME=Vanusa
OS=Windows_NT
PROCESSOR_IDENTIFIER=x86 Family 6 Model 23 Stepping 10, GenuineIntel



---------------  S Y S T E M  ---------------

OS: Windows 7 Build 7600 

CPU:total 2 (2 cores per cpu, 1 threads per core) family 6 model 23 stepping 10, cmov, cx8, fxsr, mmx, sse, sse2, sse3, ssse3, tsc

Memory: 4k page, physical 3074984k(854732k free), swap 6148204k(3065564k free)

vm_info: Java HotSpot(TM) Client VM (24.0-b56) for windows-x86 JRE (1.7.0_40-b43), built on Aug 26 2013 22:34:40 by "java_re" with unknown MS VC++:1600

time: Wed Nov 06 21:28:02 2013
elapsed time: 0 seconds

